INFO 2022-01-07 22:36:45,406 Watching for file changes with StatReloader
INFO 2022-01-07 22:36:51,220 "GET / HTTP/1.1" 302 0
INFO 2022-01-07 22:36:51,268 "GET /accounts/login/?next=/ HTTP/1.1" 200 3981
INFO 2022-01-07 22:36:51,300 "GET /static/plugins/fontawesome-free/css/all.min.css HTTP/1.1" 200 58582
INFO 2022-01-07 22:36:51,301 "GET /static/plugins/toastr/toastr.min.css HTTP/1.1" 200 6454
INFO 2022-01-07 22:36:51,307 "GET /static/dist/img/login.png HTTP/1.1" 200 144918
INFO 2022-01-07 22:36:51,311 "GET /static/dist/css/login-page.css HTTP/1.1" 200 9064
INFO 2022-01-07 22:36:51,313 "GET /static/plugins/overlayScrollbars/css/OverlayScrollbars.min.css HTTP/1.1" 200 19736
INFO 2022-01-07 22:36:51,320 "GET /static/dist/css/adminlte.min.css HTTP/1.1" 200 686718
INFO 2022-01-07 22:36:51,325 "GET /static/dist/js/jquery.formset.js HTTP/1.1" 200 13881
INFO 2022-01-07 22:36:51,341 "GET /static/plugins/toastr/toastr.min.js HTTP/1.1" 200 5253
INFO 2022-01-07 22:36:51,342 "GET /static/dist/js/demo.js HTTP/1.1" 200 13042
INFO 2022-01-07 22:36:51,348 "GET /static/dist/js/adminlte.js HTTP/1.1" 200 59416
INFO 2022-01-07 22:36:51,353 "GET /static/plugins/overlayScrollbars/js/jquery.overlayScrollbars.min.js HTTP/1.1" 200 42395
INFO 2022-01-07 22:36:51,355 "GET /static/plugins/jquery/jquery.min.js HTTP/1.1" 200 88147
INFO 2022-01-07 22:36:51,359 "GET /static/plugins/bootstrap/js/bootstrap.bundle.min.js HTTP/1.1" 200 80704
WARNING 2022-01-07 22:36:51,412 Not Found: /favicon.ico
WARNING 2022-01-07 22:36:51,412 "GET /favicon.ico HTTP/1.1" 404 6202
INFO 2022-01-07 22:36:51,909 "GET /accounts/login/?next=/ HTTP/1.1" 200 3981
INFO 2022-01-07 22:36:52,274 "GET /static/plugins/fontawesome-free/webfonts/fa-solid-900.woff2 HTTP/1.1" 200 79444
INFO 2022-01-07 22:36:56,990 "POST /accounts/login/ HTTP/1.1" 302 0
INFO 2022-01-07 22:36:57,139 "GET / HTTP/1.1" 200 9290
INFO 2022-01-07 22:36:57,174 "GET /static/plugins/Datatables/datatables.min.css HTTP/1.1" 200 25807
INFO 2022-01-07 22:36:57,258 "GET /static/plugins/fontawesome-free/webfonts/fa-regular-400.woff2 HTTP/1.1" 200 13584
INFO 2022-01-07 22:36:57,424 "GET /static/plugins/Datatables/datatables.min.js HTTP/1.1" 200 2042927
INFO 2022-01-07 22:37:33,523 "GET /site-config HTTP/1.1" 200 10862
INFO 2022-01-07 22:37:33,559 "GET /static/plugins/fontawesome-free/css/all.min.css HTTP/1.1" 304 0
INFO 2022-01-07 22:37:33,560 "GET /static/plugins/toastr/toastr.min.css HTTP/1.1" 304 0
INFO 2022-01-07 22:37:33,565 "GET /static/plugins/jquery/jquery.min.js HTTP/1.1" 304 0
INFO 2022-01-07 22:37:33,565 "GET /static/dist/js/jquery.formset.js HTTP/1.1" 304 0
INFO 2022-01-07 22:37:33,565 "GET /static/plugins/bootstrap/js/bootstrap.bundle.min.js HTTP/1.1" 304 0
INFO 2022-01-07 22:37:33,566 "GET /static/plugins/Datatables/datatables.min.css HTTP/1.1" 304 0
INFO 2022-01-07 22:37:33,566 "GET /static/dist/css/adminlte.min.css HTTP/1.1" 304 0
INFO 2022-01-07 22:37:33,566 "GET /static/plugins/overlayScrollbars/css/OverlayScrollbars.min.css HTTP/1.1" 304 0
INFO 2022-01-07 22:37:33,571 "GET /static/plugins/toastr/toastr.min.js HTTP/1.1" 304 0
INFO 2022-01-07 22:37:33,572 "GET /static/dist/js/demo.js HTTP/1.1" 304 0
INFO 2022-01-07 22:37:33,572 "GET /static/plugins/Datatables/datatables.min.js HTTP/1.1" 304 0
INFO 2022-01-07 22:37:33,572 "GET /static/dist/js/adminlte.js HTTP/1.1" 304 0
INFO 2022-01-07 22:37:33,572 "GET /static/plugins/overlayScrollbars/js/jquery.overlayScrollbars.min.js HTTP/1.1" 304 0
INFO 2022-01-07 22:38:55,851 "POST /site-config HTTP/1.1" 200 10914
INFO 2022-01-07 22:38:55,884 "GET /static/plugins/fontawesome-free/css/all.min.css HTTP/1.1" 304 0
INFO 2022-01-07 22:38:55,893 "GET /static/dist/js/jquery.formset.js HTTP/1.1" 304 0
INFO 2022-01-07 22:38:55,894 "GET /static/plugins/overlayScrollbars/css/OverlayScrollbars.min.css HTTP/1.1" 304 0
INFO 2022-01-07 22:38:55,895 "GET /static/plugins/jquery/jquery.min.js HTTP/1.1" 304 0
INFO 2022-01-07 22:38:55,895 "GET /static/plugins/Datatables/datatables.min.css HTTP/1.1" 304 0
INFO 2022-01-07 22:38:55,896 "GET /static/plugins/toastr/toastr.min.css HTTP/1.1" 304 0
INFO 2022-01-07 22:38:55,896 "GET /static/dist/css/adminlte.min.css HTTP/1.1" 304 0
INFO 2022-01-07 22:38:55,896 "GET /static/plugins/bootstrap/js/bootstrap.bundle.min.js HTTP/1.1" 304 0
INFO 2022-01-07 22:38:55,899 "GET /static/plugins/toastr/toastr.min.js HTTP/1.1" 304 0
INFO 2022-01-07 22:38:55,900 "GET /static/plugins/overlayScrollbars/js/jquery.overlayScrollbars.min.js HTTP/1.1" 304 0
INFO 2022-01-07 22:38:55,900 "GET /static/dist/js/adminlte.js HTTP/1.1" 304 0
INFO 2022-01-07 22:38:55,901 "GET /static/dist/js/demo.js HTTP/1.1" 304 0
INFO 2022-01-07 22:38:55,901 "GET /static/plugins/Datatables/datatables.min.js HTTP/1.1" 304 0
INFO 2022-01-07 22:38:55,968 "GET /static/plugins/fontawesome-free/webfonts/fa-regular-400.woff2 HTTP/1.1" 304 0
INFO 2022-01-07 22:38:55,968 "GET /static/plugins/fontawesome-free/webfonts/fa-solid-900.woff2 HTTP/1.1" 304 0
INFO 2022-01-07 22:39:00,000 "GET /session/list/ HTTP/1.1" 200 11598
INFO 2022-01-07 22:39:05,317 "GET /session/list/ HTTP/1.1" 200 11598
INFO 2022-01-07 22:39:08,025 "GET /term/list/ HTTP/1.1" 200 12231
INFO 2022-01-07 22:39:17,460 "GET /class/list/ HTTP/1.1" 200 11410
INFO 2022-01-07 22:39:21,176 "GET /result/create/ HTTP/1.1" 200 10386
INFO 2022-01-07 22:39:22,784 "GET /result/edit-results/ HTTP/1.1" 200 10104
INFO 2022-01-07 22:39:24,143 "GET /result/view/all HTTP/1.1" 200 8834
INFO 2022-01-07 22:39:25,534 "GET /result/create/ HTTP/1.1" 200 10386
INFO 2022-01-07 22:39:27,159 "POST /result/create/ HTTP/1.1" 200 10530
INFO 2022-01-07 22:39:31,185 "GET /student/list HTTP/1.1" 200 9946
INFO 2022-01-07 22:39:34,601 "GET /staff/list/ HTTP/1.1" 200 9687
INFO 2022-01-07 22:39:37,434 "GET /student/list HTTP/1.1" 200 9946
INFO 2022-01-07 22:39:40,527 "GET /site-config HTTP/1.1" 200 10862
INFO 2022-01-07 22:39:40,556 "GET /static/plugins/fontawesome-free/css/all.min.css HTTP/1.1" 304 0
INFO 2022-01-07 22:39:40,562 "GET /static/plugins/overlayScrollbars/css/OverlayScrollbars.min.css HTTP/1.1" 304 0
INFO 2022-01-07 22:39:40,563 "GET /static/plugins/toastr/toastr.min.css HTTP/1.1" 304 0
INFO 2022-01-07 22:39:40,567 "GET /static/plugins/Datatables/datatables.min.css HTTP/1.1" 304 0
INFO 2022-01-07 22:39:40,569 "GET /static/dist/css/adminlte.min.css HTTP/1.1" 304 0
INFO 2022-01-07 22:39:40,570 "GET /static/plugins/bootstrap/js/bootstrap.bundle.min.js HTTP/1.1" 304 0
INFO 2022-01-07 22:39:40,570 "GET /static/plugins/toastr/toastr.min.js HTTP/1.1" 304 0
INFO 2022-01-07 22:39:40,570 "GET /static/plugins/jquery/jquery.min.js HTTP/1.1" 304 0
INFO 2022-01-07 22:39:40,571 "GET /static/plugins/overlayScrollbars/js/jquery.overlayScrollbars.min.js HTTP/1.1" 304 0
INFO 2022-01-07 22:39:40,572 "GET /static/dist/js/jquery.formset.js HTTP/1.1" 304 0
INFO 2022-01-07 22:39:40,573 "GET /static/dist/js/adminlte.js HTTP/1.1" 304 0
INFO 2022-01-07 22:39:40,573 "GET /static/dist/js/demo.js HTTP/1.1" 304 0
INFO 2022-01-07 22:39:40,574 "GET /static/plugins/Datatables/datatables.min.js HTTP/1.1" 304 0
INFO 2022-01-07 22:39:58,385 "POST /site-config HTTP/1.1" 200 10884
INFO 2022-01-07 22:40:01,819 "POST /site-config HTTP/1.1" 200 10883
INFO 2022-01-07 22:40:03,260 "POST /site-config HTTP/1.1" 200 10883
INFO 2022-01-07 22:40:04,944 "GET / HTTP/1.1" 200 9290
INFO 2022-01-07 22:40:06,827 "GET /site-config HTTP/1.1" 200 10862
WARNING 2022-01-07 22:44:11,699 The request's session was deleted before the request completed. The user may have logged out in a concurrent request, for example.: /site-config
Traceback (most recent call last):
  File "C:\Users\msi\AppData\Roaming\Python\Python38\site-packages\django\db\backends\utils.py", line 84, in _execute
    return self.cursor.execute(sql, params)
  File "C:\Users\msi\AppData\Roaming\Python\Python38\site-packages\django\db\backends\sqlite3\base.py", line 423, in execute
    return Database.Cursor.execute(self, query, params)
sqlite3.OperationalError: database is locked

The above exception was the direct cause of the following exception:

Traceback (most recent call last):
  File "C:\Users\msi\AppData\Roaming\Python\Python38\site-packages\django\contrib\sessions\backends\db.py", line 87, in save
    obj.save(force_insert=must_create, force_update=not must_create, using=using)
  File "C:\Users\msi\AppData\Roaming\Python\Python38\site-packages\django\db\models\base.py", line 726, in save
    self.save_base(using=using, force_insert=force_insert,
  File "C:\Users\msi\AppData\Roaming\Python\Python38\site-packages\django\db\models\base.py", line 763, in save_base
    updated = self._save_table(
  File "C:\Users\msi\AppData\Roaming\Python\Python38\site-packages\django\db\models\base.py", line 845, in _save_table
    updated = self._do_update(base_qs, using, pk_val, values, update_fields,
  File "C:\Users\msi\AppData\Roaming\Python\Python38\site-packages\django\db\models\base.py", line 899, in _do_update
    return filtered._update(values) > 0
  File "C:\Users\msi\AppData\Roaming\Python\Python38\site-packages\django\db\models\query.py", line 802, in _update
    return query.get_compiler(self.db).execute_sql(CURSOR)
  File "C:\Users\msi\AppData\Roaming\Python\Python38\site-packages\django\db\models\sql\compiler.py", line 1559, in execute_sql
    cursor = super().execute_sql(result_type)
  File "C:\Users\msi\AppData\Roaming\Python\Python38\site-packages\django\db\models\sql\compiler.py", line 1175, in execute_sql
    cursor.execute(sql, params)
  File "C:\Users\msi\AppData\Roaming\Python\Python38\site-packages\django\db\backends\utils.py", line 98, in execute
    return super().execute(sql, params)
  File "C:\Users\msi\AppData\Roaming\Python\Python38\site-packages\django\db\backends\utils.py", line 66, in execute
    return self._execute_with_wrappers(sql, params, many=False, executor=self._execute)
  File "C:\Users\msi\AppData\Roaming\Python\Python38\site-packages\django\db\backends\utils.py", line 75, in _execute_with_wrappers
    return executor(sql, params, many, context)
  File "C:\Users\msi\AppData\Roaming\Python\Python38\site-packages\django\db\backends\utils.py", line 84, in _execute
    return self.cursor.execute(sql, params)
  File "C:\Users\msi\AppData\Roaming\Python\Python38\site-packages\django\db\utils.py", line 90, in __exit__
    raise dj_exc_value.with_traceback(traceback) from exc_value
  File "C:\Users\msi\AppData\Roaming\Python\Python38\site-packages\django\db\backends\utils.py", line 84, in _execute
    return self.cursor.execute(sql, params)
  File "C:\Users\msi\AppData\Roaming\Python\Python38\site-packages\django\db\backends\sqlite3\base.py", line 423, in execute
    return Database.Cursor.execute(self, query, params)
django.db.utils.OperationalError: database is locked

During handling of the above exception, another exception occurred:

Traceback (most recent call last):
  File "C:\Users\msi\AppData\Roaming\Python\Python38\site-packages\django\contrib\sessions\middleware.py", line 61, in process_response
    request.session.save()
  File "C:\Users\msi\AppData\Roaming\Python\Python38\site-packages\django\contrib\sessions\backends\db.py", line 94, in save
    raise UpdateError
django.contrib.sessions.backends.base.UpdateError

During handling of the above exception, another exception occurred:

Traceback (most recent call last):
  File "C:\Users\msi\AppData\Roaming\Python\Python38\site-packages\django\core\handlers\exception.py", line 47, in inner
    response = get_response(request)
  File "C:\Users\msi\AppData\Roaming\Python\Python38\site-packages\django\utils\deprecation.py", line 119, in __call__
    response = self.process_response(request, response)
  File "C:\Users\msi\AppData\Roaming\Python\Python38\site-packages\django\contrib\sessions\middleware.py", line 63, in process_response
    raise SessionInterrupted(
django.contrib.sessions.exceptions.SessionInterrupted: The request's session was deleted before the request completed. The user may have logged out in a concurrent request, for example.
WARNING 2022-01-07 22:44:11,702 "GET /site-config HTTP/1.1" 400 170832
WARNING 2022-01-07 22:44:32,213 The request's session was deleted before the request completed. The user may have logged out in a concurrent request, for example.: /
Traceback (most recent call last):
  File "C:\Users\msi\AppData\Roaming\Python\Python38\site-packages\django\db\backends\utils.py", line 84, in _execute
    return self.cursor.execute(sql, params)
  File "C:\Users\msi\AppData\Roaming\Python\Python38\site-packages\django\db\backends\sqlite3\base.py", line 423, in execute
    return Database.Cursor.execute(self, query, params)
sqlite3.OperationalError: database is locked

The above exception was the direct cause of the following exception:

Traceback (most recent call last):
  File "C:\Users\msi\AppData\Roaming\Python\Python38\site-packages\django\contrib\sessions\backends\db.py", line 87, in save
    obj.save(force_insert=must_create, force_update=not must_create, using=using)
  File "C:\Users\msi\AppData\Roaming\Python\Python38\site-packages\django\db\models\base.py", line 726, in save
    self.save_base(using=using, force_insert=force_insert,
  File "C:\Users\msi\AppData\Roaming\Python\Python38\site-packages\django\db\models\base.py", line 763, in save_base
    updated = self._save_table(
  File "C:\Users\msi\AppData\Roaming\Python\Python38\site-packages\django\db\models\base.py", line 845, in _save_table
    updated = self._do_update(base_qs, using, pk_val, values, update_fields,
  File "C:\Users\msi\AppData\Roaming\Python\Python38\site-packages\django\db\models\base.py", line 899, in _do_update
    return filtered._update(values) > 0
  File "C:\Users\msi\AppData\Roaming\Python\Python38\site-packages\django\db\models\query.py", line 802, in _update
    return query.get_compiler(self.db).execute_sql(CURSOR)
  File "C:\Users\msi\AppData\Roaming\Python\Python38\site-packages\django\db\models\sql\compiler.py", line 1559, in execute_sql
    cursor = super().execute_sql(result_type)
  File "C:\Users\msi\AppData\Roaming\Python\Python38\site-packages\django\db\models\sql\compiler.py", line 1175, in execute_sql
    cursor.execute(sql, params)
  File "C:\Users\msi\AppData\Roaming\Python\Python38\site-packages\django\db\backends\utils.py", line 98, in execute
    return super().execute(sql, params)
  File "C:\Users\msi\AppData\Roaming\Python\Python38\site-packages\django\db\backends\utils.py", line 66, in execute
    return self._execute_with_wrappers(sql, params, many=False, executor=self._execute)
  File "C:\Users\msi\AppData\Roaming\Python\Python38\site-packages\django\db\backends\utils.py", line 75, in _execute_with_wrappers
    return executor(sql, params, many, context)
  File "C:\Users\msi\AppData\Roaming\Python\Python38\site-packages\django\db\backends\utils.py", line 84, in _execute
    return self.cursor.execute(sql, params)
  File "C:\Users\msi\AppData\Roaming\Python\Python38\site-packages\django\db\utils.py", line 90, in __exit__
    raise dj_exc_value.with_traceback(traceback) from exc_value
  File "C:\Users\msi\AppData\Roaming\Python\Python38\site-packages\django\db\backends\utils.py", line 84, in _execute
    return self.cursor.execute(sql, params)
  File "C:\Users\msi\AppData\Roaming\Python\Python38\site-packages\django\db\backends\sqlite3\base.py", line 423, in execute
    return Database.Cursor.execute(self, query, params)
django.db.utils.OperationalError: database is locked

During handling of the above exception, another exception occurred:

Traceback (most recent call last):
  File "C:\Users\msi\AppData\Roaming\Python\Python38\site-packages\django\contrib\sessions\middleware.py", line 61, in process_response
    request.session.save()
  File "C:\Users\msi\AppData\Roaming\Python\Python38\site-packages\django\contrib\sessions\backends\db.py", line 94, in save
    raise UpdateError
django.contrib.sessions.backends.base.UpdateError

During handling of the above exception, another exception occurred:

Traceback (most recent call last):
  File "C:\Users\msi\AppData\Roaming\Python\Python38\site-packages\django\core\handlers\exception.py", line 47, in inner
    response = get_response(request)
  File "C:\Users\msi\AppData\Roaming\Python\Python38\site-packages\django\utils\deprecation.py", line 119, in __call__
    response = self.process_response(request, response)
  File "C:\Users\msi\AppData\Roaming\Python\Python38\site-packages\django\contrib\sessions\middleware.py", line 63, in process_response
    raise SessionInterrupted(
django.contrib.sessions.exceptions.SessionInterrupted: The request's session was deleted before the request completed. The user may have logged out in a concurrent request, for example.
WARNING 2022-01-07 22:44:32,214 "GET / HTTP/1.1" 400 170320
INFO 2022-01-07 22:45:16,018 Watching for file changes with StatReloader
WARNING 2022-01-07 22:45:25,273 The request's session was deleted before the request completed. The user may have logged out in a concurrent request, for example.: /
Traceback (most recent call last):
  File "C:\Users\msi\AppData\Roaming\Python\Python38\site-packages\django\db\backends\utils.py", line 84, in _execute
    return self.cursor.execute(sql, params)
  File "C:\Users\msi\AppData\Roaming\Python\Python38\site-packages\django\db\backends\sqlite3\base.py", line 423, in execute
    return Database.Cursor.execute(self, query, params)
sqlite3.OperationalError: database is locked

The above exception was the direct cause of the following exception:

Traceback (most recent call last):
  File "C:\Users\msi\AppData\Roaming\Python\Python38\site-packages\django\contrib\sessions\backends\db.py", line 87, in save
    obj.save(force_insert=must_create, force_update=not must_create, using=using)
  File "C:\Users\msi\AppData\Roaming\Python\Python38\site-packages\django\db\models\base.py", line 726, in save
    self.save_base(using=using, force_insert=force_insert,
  File "C:\Users\msi\AppData\Roaming\Python\Python38\site-packages\django\db\models\base.py", line 763, in save_base
    updated = self._save_table(
  File "C:\Users\msi\AppData\Roaming\Python\Python38\site-packages\django\db\models\base.py", line 845, in _save_table
    updated = self._do_update(base_qs, using, pk_val, values, update_fields,
  File "C:\Users\msi\AppData\Roaming\Python\Python38\site-packages\django\db\models\base.py", line 899, in _do_update
    return filtered._update(values) > 0
  File "C:\Users\msi\AppData\Roaming\Python\Python38\site-packages\django\db\models\query.py", line 802, in _update
    return query.get_compiler(self.db).execute_sql(CURSOR)
  File "C:\Users\msi\AppData\Roaming\Python\Python38\site-packages\django\db\models\sql\compiler.py", line 1559, in execute_sql
    cursor = super().execute_sql(result_type)
  File "C:\Users\msi\AppData\Roaming\Python\Python38\site-packages\django\db\models\sql\compiler.py", line 1175, in execute_sql
    cursor.execute(sql, params)
  File "C:\Users\msi\AppData\Roaming\Python\Python38\site-packages\django\db\backends\utils.py", line 98, in execute
    return super().execute(sql, params)
  File "C:\Users\msi\AppData\Roaming\Python\Python38\site-packages\django\db\backends\utils.py", line 66, in execute
    return self._execute_with_wrappers(sql, params, many=False, executor=self._execute)
  File "C:\Users\msi\AppData\Roaming\Python\Python38\site-packages\django\db\backends\utils.py", line 75, in _execute_with_wrappers
    return executor(sql, params, many, context)
  File "C:\Users\msi\AppData\Roaming\Python\Python38\site-packages\django\db\backends\utils.py", line 84, in _execute
    return self.cursor.execute(sql, params)
  File "C:\Users\msi\AppData\Roaming\Python\Python38\site-packages\django\db\utils.py", line 90, in __exit__
    raise dj_exc_value.with_traceback(traceback) from exc_value
  File "C:\Users\msi\AppData\Roaming\Python\Python38\site-packages\django\db\backends\utils.py", line 84, in _execute
    return self.cursor.execute(sql, params)
  File "C:\Users\msi\AppData\Roaming\Python\Python38\site-packages\django\db\backends\sqlite3\base.py", line 423, in execute
    return Database.Cursor.execute(self, query, params)
django.db.utils.OperationalError: database is locked

During handling of the above exception, another exception occurred:

Traceback (most recent call last):
  File "C:\Users\msi\AppData\Roaming\Python\Python38\site-packages\django\contrib\sessions\middleware.py", line 61, in process_response
    request.session.save()
  File "C:\Users\msi\AppData\Roaming\Python\Python38\site-packages\django\contrib\sessions\backends\db.py", line 94, in save
    raise UpdateError
django.contrib.sessions.backends.base.UpdateError

During handling of the above exception, another exception occurred:

Traceback (most recent call last):
  File "C:\Users\msi\AppData\Roaming\Python\Python38\site-packages\django\core\handlers\exception.py", line 47, in inner
    response = get_response(request)
  File "C:\Users\msi\AppData\Roaming\Python\Python38\site-packages\django\utils\deprecation.py", line 119, in __call__
    response = self.process_response(request, response)
  File "C:\Users\msi\AppData\Roaming\Python\Python38\site-packages\django\contrib\sessions\middleware.py", line 63, in process_response
    raise SessionInterrupted(
django.contrib.sessions.exceptions.SessionInterrupted: The request's session was deleted before the request completed. The user may have logged out in a concurrent request, for example.
WARNING 2022-01-07 22:45:25,276 "GET / HTTP/1.1" 400 170457
INFO 2022-01-07 22:45:54,293 "GET / HTTP/1.1" 200 9298
INFO 2022-01-07 22:45:54,320 "GET /static/plugins/fontawesome-free/css/all.min.css HTTP/1.1" 304 0
INFO 2022-01-07 22:45:54,321 "GET /static/plugins/toastr/toastr.min.css HTTP/1.1" 304 0
INFO 2022-01-07 22:45:54,327 "GET /static/plugins/Datatables/datatables.min.css HTTP/1.1" 304 0
INFO 2022-01-07 22:45:54,327 "GET /static/dist/js/jquery.formset.js HTTP/1.1" 304 0
INFO 2022-01-07 22:45:54,327 "GET /static/dist/css/adminlte.min.css HTTP/1.1" 304 0
INFO 2022-01-07 22:45:54,328 "GET /static/plugins/bootstrap/js/bootstrap.bundle.min.js HTTP/1.1" 304 0
INFO 2022-01-07 22:45:54,328 "GET /static/plugins/jquery/jquery.min.js HTTP/1.1" 304 0
INFO 2022-01-07 22:45:54,328 "GET /static/plugins/overlayScrollbars/css/OverlayScrollbars.min.css HTTP/1.1" 304 0
INFO 2022-01-07 22:45:54,331 "GET /static/plugins/toastr/toastr.min.js HTTP/1.1" 304 0
INFO 2022-01-07 22:45:54,333 "GET /static/plugins/Datatables/datatables.min.js HTTP/1.1" 304 0
INFO 2022-01-07 22:45:54,333 "GET /static/dist/js/adminlte.js HTTP/1.1" 304 0
INFO 2022-01-07 22:45:54,334 "GET /static/dist/js/demo.js HTTP/1.1" 304 0
INFO 2022-01-07 22:45:54,334 "GET /static/plugins/overlayScrollbars/js/jquery.overlayScrollbars.min.js HTTP/1.1" 304 0
INFO 2022-01-07 22:45:54,376 "GET /static/plugins/fontawesome-free/webfonts/fa-regular-400.woff2 HTTP/1.1" 304 0
INFO 2022-01-07 22:45:54,376 "GET /static/plugins/fontawesome-free/webfonts/fa-solid-900.woff2 HTTP/1.1" 304 0
INFO 2022-01-07 22:45:57,552 "GET /site-config HTTP/1.1" 200 10873
INFO 2022-01-07 22:46:02,685 "GET /session/list/ HTTP/1.1" 200 11606
INFO 2022-01-07 22:46:14,111 "POST /session/create/ HTTP/1.1" 302 0
INFO 2022-01-07 22:46:14,236 "GET /session/list/ HTTP/1.1" 200 12094
INFO 2022-01-07 22:46:18,694 "GET /student/list HTTP/1.1" 200 9954
INFO 2022-01-07 22:46:27,103 "GET /accounts/logout/ HTTP/1.1" 302 0
INFO 2022-01-07 22:46:27,117 "GET / HTTP/1.1" 302 0
INFO 2022-01-07 22:46:27,127 "GET /accounts/login/?next=/ HTTP/1.1" 200 3989
INFO 2022-01-07 22:46:27,156 "GET /static/dist/css/login-page.css HTTP/1.1" 304 0
INFO 2022-01-07 22:46:27,159 "GET /static/dist/img/login.png HTTP/1.1" 304 0
INFO 2022-01-07 22:51:05,109 "GET /accounts/login/?next=/ HTTP/1.1" 200 3989
INFO 2022-01-07 22:51:05,134 "GET /static/plugins/fontawesome-free/css/all.min.css HTTP/1.1" 304 0
INFO 2022-01-07 22:51:05,141 "GET /static/plugins/overlayScrollbars/css/OverlayScrollbars.min.css HTTP/1.1" 304 0
INFO 2022-01-07 22:51:05,142 "GET /static/plugins/toastr/toastr.min.css HTTP/1.1" 304 0
INFO 2022-01-07 22:51:05,143 "GET /static/dist/css/adminlte.min.css HTTP/1.1" 304 0
INFO 2022-01-07 22:51:05,144 "GET /static/dist/css/login-page.css HTTP/1.1" 304 0
INFO 2022-01-07 22:51:05,147 "GET /static/plugins/jquery/jquery.min.js HTTP/1.1" 304 0
INFO 2022-01-07 22:51:05,153 "GET /static/plugins/bootstrap/js/bootstrap.bundle.min.js HTTP/1.1" 304 0
INFO 2022-01-07 22:51:05,154 "GET /static/dist/js/jquery.formset.js HTTP/1.1" 304 0
INFO 2022-01-07 22:51:05,154 "GET /static/plugins/toastr/toastr.min.js HTTP/1.1" 304 0
INFO 2022-01-07 22:51:05,155 "GET /static/plugins/overlayScrollbars/js/jquery.overlayScrollbars.min.js HTTP/1.1" 304 0
INFO 2022-01-07 22:51:05,155 "GET /static/dist/js/adminlte.js HTTP/1.1" 304 0
INFO 2022-01-07 22:51:05,157 "GET /static/dist/js/demo.js HTTP/1.1" 304 0
INFO 2022-01-07 22:51:05,158 "GET /static/dist/img/login.png HTTP/1.1" 304 0
INFO 2022-01-07 22:51:05,241 "GET /static/plugins/fontawesome-free/webfonts/fa-solid-900.woff2 HTTP/1.1" 304 0
INFO 2022-01-07 22:51:05,901 "GET /accounts/login/?next=/ HTTP/1.1" 200 3989
INFO 2022-01-07 22:51:06,473 "GET /accounts/login/?next=/ HTTP/1.1" 200 3989
INFO 2022-01-07 22:55:09,674 Watching for file changes with StatReloader
INFO 2022-01-07 22:56:08,897 Watching for file changes with StatReloader
INFO 2022-01-07 22:56:20,757 "GET / HTTP/1.1" 302 0
INFO 2022-01-07 22:56:20,785 "GET /accounts/login/?next=/ HTTP/1.1" 200 3989
INFO 2022-01-07 22:56:20,863 "GET /static/plugins/fontawesome-free/css/all.min.css HTTP/1.1" 200 58582
INFO 2022-01-07 22:56:20,876 "GET /static/plugins/jquery/jquery.min.js HTTP/1.1" 200 88147
INFO 2022-01-07 22:56:20,902 "GET /static/plugins/bootstrap/js/bootstrap.bundle.min.js HTTP/1.1" 200 80704
INFO 2022-01-07 22:56:20,912 "GET /static/dist/js/jquery.formset.js HTTP/1.1" 200 13881
INFO 2022-01-07 22:56:20,930 "GET /static/plugins/toastr/toastr.min.js HTTP/1.1" 200 5253
INFO 2022-01-07 22:56:20,931 "GET /static/plugins/overlayScrollbars/css/OverlayScrollbars.min.css HTTP/1.1" 200 19736
INFO 2022-01-07 22:56:20,939 "GET /static/plugins/toastr/toastr.min.css HTTP/1.1" 200 6454
INFO 2022-01-07 22:56:20,941 "GET /static/dist/js/demo.js HTTP/1.1" 200 13042
INFO 2022-01-07 22:56:20,941 "GET /static/plugins/overlayScrollbars/js/jquery.overlayScrollbars.min.js HTTP/1.1" 200 42395
INFO 2022-01-07 22:56:20,946 "GET /static/dist/css/login-page.css HTTP/1.1" 200 9064
INFO 2022-01-07 22:56:20,957 "GET /static/dist/img/login.png HTTP/1.1" 200 445475
INFO 2022-01-07 22:56:20,966 "GET /static/dist/js/adminlte.js HTTP/1.1" 200 59416
INFO 2022-01-07 22:56:20,974 "GET /static/dist/css/adminlte.min.css HTTP/1.1" 200 686718
INFO 2022-01-07 22:56:21,406 "GET /static/plugins/fontawesome-free/webfonts/fa-solid-900.woff2 HTTP/1.1" 200 79444
INFO 2022-01-07 22:56:37,184 "POST /accounts/login/ HTTP/1.1" 302 0
INFO 2022-01-07 22:56:37,309 "GET / HTTP/1.1" 200 9298
INFO 2022-01-07 22:56:37,340 "GET /static/plugins/Datatables/datatables.min.css HTTP/1.1" 200 25807
INFO 2022-01-07 22:56:37,368 "GET /static/plugins/Datatables/datatables.min.js HTTP/1.1" 200 2042927
INFO 2022-01-07 22:56:37,421 "GET /static/plugins/fontawesome-free/webfonts/fa-regular-400.woff2 HTTP/1.1" 200 13584
INFO 2022-01-07 22:56:47,884 "GET /site-config HTTP/1.1" 200 10873
INFO 2022-01-07 22:56:53,969 "GET /session/list/ HTTP/1.1" 200 11949
INFO 2022-01-07 22:57:06,893 "POST /session/create/ HTTP/1.1" 302 0
INFO 2022-01-07 22:57:07,036 "GET /session/list/ HTTP/1.1" 200 12437
INFO 2022-01-07 22:57:14,603 "GET /term/list/ HTTP/1.1" 200 12239
INFO 2022-01-07 22:57:19,260 "GET /subject/list/ HTTP/1.1" 200 11405
INFO 2022-01-07 22:57:33,069 "POST /subject/create/ HTTP/1.1" 302 0
INFO 2022-01-07 22:57:33,219 "GET /subject/list/ HTTP/1.1" 200 11835
INFO 2022-01-07 22:57:42,411 "POST /subject/create/ HTTP/1.1" 302 0
INFO 2022-01-07 22:57:42,544 "GET /subject/list/ HTTP/1.1" 200 12122
INFO 2022-01-07 22:57:45,487 "GET /subject/4/delete/ HTTP/1.1" 200 9997
INFO 2022-01-07 22:57:47,136 "POST /subject/4/delete/ HTTP/1.1" 302 0
INFO 2022-01-07 22:57:47,253 "GET /subject/list/ HTTP/1.1" 200 11873
INFO 2022-01-07 22:57:54,361 "GET /class/list/ HTTP/1.1" 200 11418
INFO 2022-01-07 22:58:10,004 "POST /class/create/ HTTP/1.1" 302 0
INFO 2022-01-07 22:58:10,120 "GET /class/list/ HTTP/1.1" 200 11844
INFO 2022-01-07 22:58:21,478 "GET /student/list HTTP/1.1" 200 9954
INFO 2022-01-07 22:58:25,570 "GET /student/create/ HTTP/1.1" 200 13660
INFO 2022-01-07 22:59:46,572 "POST /student/create/ HTTP/1.1" 302 0
INFO 2022-01-07 22:59:46,732 "GET /student/1/ HTTP/1.1" 200 11314
INFO 2022-01-07 22:59:46,757 "GET /static/plugins/fontawesome-free/css/all.min.css HTTP/1.1" 304 0
INFO 2022-01-07 22:59:46,758 "GET /static/plugins/toastr/toastr.min.css HTTP/1.1" 304 0
INFO 2022-01-07 22:59:46,758 "GET /static/plugins/overlayScrollbars/css/OverlayScrollbars.min.css HTTP/1.1" 304 0
INFO 2022-01-07 22:59:46,759 "GET /static/plugins/Datatables/datatables.min.css HTTP/1.1" 304 0
INFO 2022-01-07 22:59:46,759 "GET /static/dist/css/adminlte.min.css HTTP/1.1" 304 0
INFO 2022-01-07 22:59:46,760 "GET /static/plugins/jquery/jquery.min.js HTTP/1.1" 304 0
INFO 2022-01-07 22:59:46,767 "GET /static/dist/js/demo.js HTTP/1.1" 304 0
INFO 2022-01-07 22:59:46,767 "GET /static/plugins/toastr/toastr.min.js HTTP/1.1" 304 0
INFO 2022-01-07 22:59:46,768 "GET /static/dist/js/jquery.formset.js HTTP/1.1" 304 0
INFO 2022-01-07 22:59:46,768 "GET /static/plugins/bootstrap/js/bootstrap.bundle.min.js HTTP/1.1" 304 0
INFO 2022-01-07 22:59:46,769 "GET /static/plugins/overlayScrollbars/js/jquery.overlayScrollbars.min.js HTTP/1.1" 304 0
INFO 2022-01-07 22:59:46,769 "GET /static/dist/js/adminlte.js HTTP/1.1" 304 0
INFO 2022-01-07 22:59:46,776 "GET /static/plugins/Datatables/datatables.min.js HTTP/1.1" 304 0
INFO 2022-01-07 22:59:46,889 "GET /media/students/passports/projectworlds.png HTTP/1.1" 200 13585
INFO 2022-01-07 23:00:00,782 "GET /student/1/update/ HTTP/1.1" 200 13963
INFO 2022-01-07 23:00:04,922 "GET /student/list HTTP/1.1" 200 9954
INFO 2022-01-07 23:00:06,989 "GET /student/upload/ HTTP/1.1" 200 10009
INFO 2022-01-07 23:00:14,256 "GET /student/download-csv/ HTTP/1.1" 200 94
INFO 2022-01-07 23:02:33,819 "POST /student/upload/ HTTP/1.1" 302 0
INFO 2022-01-07 23:02:34,036 "GET /student/list HTTP/1.1" 200 10099
INFO 2022-01-07 23:02:39,461 "GET /student/list HTTP/1.1" 200 9954
INFO 2022-01-07 23:02:39,751 "GET /static/plugins/toastr/toastr.min.css HTTP/1.1" 304 0
INFO 2022-01-07 23:02:39,752 "GET /static/plugins/fontawesome-free/css/all.min.css HTTP/1.1" 304 0
INFO 2022-01-07 23:02:39,759 "GET /static/plugins/Datatables/datatables.min.css HTTP/1.1" 304 0
INFO 2022-01-07 23:02:39,759 "GET /static/plugins/overlayScrollbars/css/OverlayScrollbars.min.css HTTP/1.1" 304 0
INFO 2022-01-07 23:02:39,775 "GET /static/dist/css/adminlte.min.css HTTP/1.1" 304 0
INFO 2022-01-07 23:02:39,778 "GET /static/plugins/jquery/jquery.min.js HTTP/1.1" 304 0
INFO 2022-01-07 23:02:39,782 "GET /static/plugins/bootstrap/js/bootstrap.bundle.min.js HTTP/1.1" 304 0
INFO 2022-01-07 23:02:39,783 "GET /static/plugins/toastr/toastr.min.js HTTP/1.1" 304 0
INFO 2022-01-07 23:02:39,784 "GET /static/dist/js/jquery.formset.js HTTP/1.1" 304 0
INFO 2022-01-07 23:02:39,789 "GET /static/plugins/overlayScrollbars/js/jquery.overlayScrollbars.min.js HTTP/1.1" 304 0
INFO 2022-01-07 23:02:39,793 "GET /static/dist/js/adminlte.js HTTP/1.1" 304 0
INFO 2022-01-07 23:02:39,795 "GET /static/dist/js/demo.js HTTP/1.1" 304 0
INFO 2022-01-07 23:02:39,795 "GET /static/plugins/Datatables/datatables.min.js HTTP/1.1" 304 0
INFO 2022-01-07 23:02:49,228 "GET /student/create/ HTTP/1.1" 200 13695
INFO 2022-01-07 23:03:24,013 "POST /student/create/ HTTP/1.1" 200 13887
INFO 2022-01-07 23:03:30,756 "POST /student/create/ HTTP/1.1" 302 0
INFO 2022-01-07 23:03:31,004 "GET /student/3/ HTTP/1.1" 200 11297
INFO 2022-01-07 23:03:31,095 "GET /static/dist/img/avatar.png HTTP/1.1" 200 8543
INFO 2022-01-07 23:03:34,773 "GET /student/3/update/ HTTP/1.1" 200 13766
INFO 2022-01-07 23:03:42,330 "POST /student/3/update/ HTTP/1.1" 302 0
INFO 2022-01-07 23:03:42,764 "GET /student/3/ HTTP/1.1" 200 11298
INFO 2022-01-07 23:03:46,159 "GET /student/list HTTP/1.1" 200 9954
INFO 2022-01-07 23:05:04,576 "GET /student/list HTTP/1.1" 200 9954
INFO 2022-01-07 23:05:08,969 "GET / HTTP/1.1" 200 9298
INFO 2022-01-07 23:05:15,950 "GET /finance/list/ HTTP/1.1" 200 9933
INFO 2022-01-07 23:05:19,684 "GET /finance/create/ HTTP/1.1" 200 13686
INFO 2022-01-07 23:06:47,475 "POST /finance/create/ HTTP/1.1" 302 0
INFO 2022-01-07 23:06:47,633 "GET /finance/list HTTP/1.1" 301 0
INFO 2022-01-07 23:06:47,799 "GET /finance/list/ HTTP/1.1" 200 10353
INFO 2022-01-07 23:06:47,845 "GET /static/plugins/fontawesome-free/css/all.min.css HTTP/1.1" 304 0
INFO 2022-01-07 23:06:47,848 "GET /static/plugins/overlayScrollbars/css/OverlayScrollbars.min.css HTTP/1.1" 304 0
INFO 2022-01-07 23:06:47,849 "GET /static/plugins/toastr/toastr.min.css HTTP/1.1" 304 0
INFO 2022-01-07 23:06:47,857 "GET /static/plugins/Datatables/datatables.min.css HTTP/1.1" 304 0
INFO 2022-01-07 23:06:47,858 "GET /static/dist/css/adminlte.min.css HTTP/1.1" 304 0
INFO 2022-01-07 23:06:47,863 "GET /static/plugins/jquery/jquery.min.js HTTP/1.1" 304 0
INFO 2022-01-07 23:06:47,866 "GET /static/dist/js/jquery.formset.js HTTP/1.1" 304 0
INFO 2022-01-07 23:06:47,871 "GET /static/plugins/bootstrap/js/bootstrap.bundle.min.js HTTP/1.1" 304 0
INFO 2022-01-07 23:06:47,872 "GET /static/plugins/toastr/toastr.min.js HTTP/1.1" 304 0
INFO 2022-01-07 23:06:47,872 "GET /static/plugins/overlayScrollbars/js/jquery.overlayScrollbars.min.js HTTP/1.1" 304 0
INFO 2022-01-07 23:06:47,873 "GET /static/dist/js/demo.js HTTP/1.1" 304 0
INFO 2022-01-07 23:06:47,874 "GET /static/dist/js/adminlte.js HTTP/1.1" 304 0
INFO 2022-01-07 23:06:47,877 "GET /static/plugins/Datatables/datatables.min.js HTTP/1.1" 304 0
INFO 2022-01-07 23:06:55,626 "GET /finance/create/ HTTP/1.1" 200 13686
INFO 2022-01-07 23:06:59,977 "GET /finance/list/ HTTP/1.1" 200 10353
INFO 2022-01-07 23:07:04,048 - Broken pipe from ('127.0.0.1', 55028)

INFO 2022-01-07 23:07:04,220 "GET /finance/receipt/create?invoice=1 HTTP/1.1" 200 10851
INFO 2022-01-07 23:07:18,913 "POST /finance/receipt/create?invoice=1 HTTP/1.1" 302 0
INFO 2022-01-07 23:07:19,205 "GET /finance/list/ HTTP/1.1" 200 10355
INFO 2022-01-07 23:07:26,524 "GET /staff/list/ HTTP/1.1" 200 9695
INFO 2022-01-07 23:07:31,146 "GET /staff/create/ HTTP/1.1" 200 12608
INFO 2022-01-07 23:07:40,463 "GET /result/view/all HTTP/1.1" 200 8842
INFO 2022-01-07 23:07:48,213 "GET /result/create/ HTTP/1.1" 200 10923
INFO 2022-01-07 23:07:59,394 "POST /result/create/ HTTP/1.1" 200 11146
INFO 2022-01-07 23:08:10,904 "POST /result/create/ HTTP/1.1" 302 0
INFO 2022-01-07 23:08:11,417 "GET /result/edit-results/ HTTP/1.1" 200 12057
INFO 2022-01-07 23:08:44,225 "POST /result/edit-results/ HTTP/1.1" 302 0
INFO 2022-01-07 23:08:44,681 "GET /result/edit-results/ HTTP/1.1" 200 12212
INFO 2022-01-07 23:08:52,092 "GET /result/view/all HTTP/1.1" 200 10295
INFO 2022-01-07 23:09:01,934 "GET /result/create/ HTTP/1.1" 200 10923
INFO 2022-01-07 23:09:09,356 "GET /result/view/all HTTP/1.1" 200 10295
INFO 2022-01-07 23:09:14,933 "GET /result/edit-results/ HTTP/1.1" 200 12069
INFO 2022-01-07 23:09:25,474 "POST /result/edit-results/ HTTP/1.1" 302 0
INFO 2022-01-07 23:09:26,075 "GET /result/edit-results/ HTTP/1.1" 200 12212
INFO 2022-01-07 23:09:30,424 "GET /result/view/all HTTP/1.1" 200 10295
INFO 2022-01-07 23:09:39,427 "GET / HTTP/1.1" 200 9298
INFO 2022-01-07 23:09:46,083 "GET /finance/list/ HTTP/1.1" 200 10355
INFO 2022-01-07 23:09:51,257 "GET /finance/1/detail/ HTTP/1.1" 200 11415
INFO 2024-08-16 12:44:31,253 Watching for file changes with StatReloader
INFO 2024-08-16 12:44:50,515 "GET / HTTP/1.1" 302 0
INFO 2024-08-16 12:44:50,534 "GET /accounts/login/?next=/ HTTP/1.1" 200 3989
INFO 2024-08-16 12:44:50,579 "GET /static/plugins/fontawesome-free/css/all.min.css HTTP/1.1" 200 58582
INFO 2024-08-16 12:44:50,583 "GET /static/plugins/toastr/toastr.min.css HTTP/1.1" 200 6454
INFO 2024-08-16 12:44:50,586 "GET /static/plugins/overlayScrollbars/css/OverlayScrollbars.min.css HTTP/1.1" 200 19736
INFO 2024-08-16 12:44:50,590 "GET /static/dist/css/adminlte.min.css HTTP/1.1" 200 686718
INFO 2024-08-16 12:44:50,593 "GET /static/dist/css/login-page.css HTTP/1.1" 200 9064
INFO 2024-08-16 12:44:50,596 "GET /static/plugins/jquery/jquery.min.js HTTP/1.1" 200 88147
INFO 2024-08-16 12:44:50,608 "GET /static/dist/img/login.png HTTP/1.1" 200 445475
INFO 2024-08-16 12:44:50,611 "GET /static/dist/js/jquery.formset.js HTTP/1.1" 200 13881
INFO 2024-08-16 12:44:50,615 "GET /static/plugins/bootstrap/js/bootstrap.bundle.min.js HTTP/1.1" 200 80704
INFO 2024-08-16 12:44:50,618 "GET /static/plugins/toastr/toastr.min.js HTTP/1.1" 200 5253
INFO 2024-08-16 12:44:50,632 "GET /static/plugins/overlayScrollbars/js/jquery.overlayScrollbars.min.js HTTP/1.1" 200 42395
INFO 2024-08-16 12:44:50,635 "GET /static/dist/js/adminlte.js HTTP/1.1" 200 59416
INFO 2024-08-16 12:44:50,638 "GET /static/dist/js/demo.js HTTP/1.1" 200 13042
INFO 2024-08-16 12:44:51,057 "GET /static/plugins/fontawesome-free/webfonts/fa-solid-900.woff2 HTTP/1.1" 200 79444
WARNING 2024-08-16 12:44:51,325 Not Found: /favicon.ico
WARNING 2024-08-16 12:44:51,326 "GET /favicon.ico HTTP/1.1" 404 6202
INFO 2024-08-16 12:47:43,568 Watching for file changes with StatReloader
INFO 2024-08-16 12:47:47,978 "GET /accounts/login/?next=/ HTTP/1.1" 200 3989
INFO 2024-08-16 12:47:47,989 "GET /static/plugins/fontawesome-free/css/all.min.css HTTP/1.1" 304 0
INFO 2024-08-16 12:47:47,991 "GET /static/plugins/toastr/toastr.min.css HTTP/1.1" 304 0
INFO 2024-08-16 12:47:47,993 "GET /static/plugins/overlayScrollbars/css/OverlayScrollbars.min.css HTTP/1.1" 304 0
INFO 2024-08-16 12:47:47,993 "GET /static/dist/css/adminlte.min.css HTTP/1.1" 304 0
INFO 2024-08-16 12:47:47,997 "GET /static/dist/css/login-page.css HTTP/1.1" 304 0
INFO 2024-08-16 12:47:47,997 "GET /static/plugins/jquery/jquery.min.js HTTP/1.1" 304 0
INFO 2024-08-16 12:47:48,000 "GET /static/dist/img/login.png HTTP/1.1" 304 0
INFO 2024-08-16 12:47:48,000 "GET /static/dist/js/jquery.formset.js HTTP/1.1" 304 0
INFO 2024-08-16 12:47:48,002 "GET /static/plugins/bootstrap/js/bootstrap.bundle.min.js HTTP/1.1" 304 0
INFO 2024-08-16 12:47:48,003 "GET /static/plugins/toastr/toastr.min.js HTTP/1.1" 304 0
INFO 2024-08-16 12:47:48,005 "GET /static/plugins/overlayScrollbars/js/jquery.overlayScrollbars.min.js HTTP/1.1" 304 0
INFO 2024-08-16 12:47:48,005 "GET /static/dist/js/adminlte.js HTTP/1.1" 304 0
INFO 2024-08-16 12:47:48,007 "GET /static/dist/js/demo.js HTTP/1.1" 304 0
INFO 2024-08-16 12:47:48,016 "GET /static/plugins/fontawesome-free/webfonts/fa-solid-900.woff2 HTTP/1.1" 304 0
INFO 2024-08-16 12:47:58,455 "POST /accounts/login/ HTTP/1.1" 302 0
INFO 2024-08-16 12:47:58,472 "GET / HTTP/1.1" 200 9298
INFO 2024-08-16 12:47:58,539 "GET /static/plugins/Datatables/datatables.min.css HTTP/1.1" 200 25807
INFO 2024-08-16 12:47:58,542 "GET /static/plugins/Datatables/datatables.min.js HTTP/1.1" 200 2042927
INFO 2024-08-16 12:47:58,591 "GET /static/plugins/fontawesome-free/webfonts/fa-regular-400.woff2 HTTP/1.1" 200 13584
INFO 2024-08-16 12:48:06,514 "GET /student/list HTTP/1.1" 200 9954
INFO 2024-08-16 12:48:24,645 "GET /student/upload/ HTTP/1.1" 200 10009
INFO 2024-08-16 12:48:24,660 "GET /static/plugins/fontawesome-free/css/all.min.css HTTP/1.1" 304 0
INFO 2024-08-16 12:48:24,665 "GET /static/dist/js/jquery.formset.js HTTP/1.1" 304 0
INFO 2024-08-16 12:48:24,665 "GET /static/plugins/toastr/toastr.min.css HTTP/1.1" 304 0
INFO 2024-08-16 12:48:24,665 "GET /static/dist/css/adminlte.min.css HTTP/1.1" 304 0
INFO 2024-08-16 12:48:24,665 "GET /static/plugins/jquery/jquery.min.js HTTP/1.1" 304 0
INFO 2024-08-16 12:48:24,665 "GET /static/plugins/overlayScrollbars/css/OverlayScrollbars.min.css HTTP/1.1" 304 0
INFO 2024-08-16 12:48:24,665 "GET /static/plugins/bootstrap/js/bootstrap.bundle.min.js HTTP/1.1" 304 0
INFO 2024-08-16 12:48:24,671 "GET /static/plugins/toastr/toastr.min.js HTTP/1.1" 304 0
INFO 2024-08-16 12:48:24,671 "GET /static/plugins/overlayScrollbars/js/jquery.overlayScrollbars.min.js HTTP/1.1" 304 0
INFO 2024-08-16 12:48:24,671 "GET /static/dist/js/demo.js HTTP/1.1" 304 0
INFO 2024-08-16 12:48:24,672 "GET /static/dist/js/adminlte.js HTTP/1.1" 304 0
INFO 2024-08-16 12:48:27,575 "GET /student/list HTTP/1.1" 200 9954
INFO 2024-08-16 12:48:28,846 "GET /staff/list/ HTTP/1.1" 200 9695
INFO 2024-08-16 12:48:48,679 "GET /finance/list/ HTTP/1.1" 200 10355
INFO 2024-08-16 12:48:48,696 "GET /static/plugins/Datatables/datatables.min.css HTTP/1.1" 304 0
INFO 2024-08-16 12:48:48,696 "GET /static/plugins/Datatables/datatables.min.js HTTP/1.1" 304 0
INFO 2024-08-16 12:48:54,975 "GET /result/create/ HTTP/1.1" 200 10923
INFO 2024-08-16 12:49:00,549 "GET /student/list HTTP/1.1" 200 9954
INFO 2024-08-16 12:49:00,573 "GET /static/plugins/toastr/toastr.min.css HTTP/1.1" 304 0
INFO 2024-08-16 12:49:00,575 "GET /static/plugins/jquery/jquery.min.js HTTP/1.1" 304 0
INFO 2024-08-16 12:49:00,575 "GET /static/plugins/overlayScrollbars/css/OverlayScrollbars.min.css HTTP/1.1" 304 0
INFO 2024-08-16 12:49:00,575 "GET /static/plugins/overlayScrollbars/js/jquery.overlayScrollbars.min.js HTTP/1.1" 304 0
INFO 2024-08-16 12:49:00,575 "GET /static/plugins/toastr/toastr.min.js HTTP/1.1" 304 0
INFO 2024-08-16 12:49:02,866 "GET /student/create/ HTTP/1.1" 200 13695
INFO 2024-08-16 12:49:02,879 "GET /static/plugins/fontawesome-free/css/all.min.css HTTP/1.1" 304 0
INFO 2024-08-16 12:49:02,884 "GET /static/dist/css/adminlte.min.css HTTP/1.1" 304 0
INFO 2024-08-16 12:49:02,884 "GET /static/dist/js/demo.js HTTP/1.1" 304 0
INFO 2024-08-16 12:49:02,884 "GET /static/dist/js/jquery.formset.js HTTP/1.1" 304 0
INFO 2024-08-16 12:49:02,884 "GET /static/plugins/bootstrap/js/bootstrap.bundle.min.js HTTP/1.1" 304 0
INFO 2024-08-16 12:49:02,884 "GET /static/dist/js/adminlte.js HTTP/1.1" 304 0
INFO 2024-08-16 12:49:09,943 "GET /result/edit-results/ HTTP/1.1" 200 12069
INFO 2024-08-16 12:49:15,979 "GET /result/view/all HTTP/1.1" 200 10295
INFO 2024-08-16 12:49:24,572 "GET /subject/list/ HTTP/1.1" 200 11690
INFO 2024-08-16 12:49:31,198 "GET /class/list/ HTTP/1.1" 200 11979
INFO 2024-08-16 12:49:31,212 "GET /static/plugins/Datatables/datatables.min.css HTTP/1.1" 304 0
INFO 2024-08-16 12:49:31,214 "GET /static/plugins/Datatables/datatables.min.js HTTP/1.1" 304 0
INFO 2024-08-16 12:49:35,581 "GET /site-config HTTP/1.1" 200 10873
INFO 2024-08-16 12:49:42,841 "GET /student/list HTTP/1.1" 200 9954
INFO 2024-08-16 12:49:42,855 "GET /static/plugins/fontawesome-free/css/all.min.css HTTP/1.1" 304 0
INFO 2024-08-16 12:49:42,860 "GET /static/plugins/bootstrap/js/bootstrap.bundle.min.js HTTP/1.1" 304 0
INFO 2024-08-16 12:49:42,860 "GET /static/plugins/toastr/toastr.min.css HTTP/1.1" 304 0
INFO 2024-08-16 12:49:42,861 "GET /static/dist/js/jquery.formset.js HTTP/1.1" 304 0
INFO 2024-08-16 12:49:42,861 "GET /static/plugins/overlayScrollbars/css/OverlayScrollbars.min.css HTTP/1.1" 304 0
INFO 2024-08-16 12:49:42,861 "GET /static/dist/css/adminlte.min.css HTTP/1.1" 304 0
INFO 2024-08-16 12:49:42,861 "GET /static/plugins/jquery/jquery.min.js HTTP/1.1" 304 0
INFO 2024-08-16 12:49:42,867 "GET /static/plugins/toastr/toastr.min.js HTTP/1.1" 304 0
INFO 2024-08-16 12:49:42,867 "GET /static/plugins/overlayScrollbars/js/jquery.overlayScrollbars.min.js HTTP/1.1" 304 0
INFO 2024-08-16 12:49:42,867 "GET /static/dist/js/adminlte.js HTTP/1.1" 304 0
INFO 2024-08-16 12:49:42,867 "GET /static/dist/js/demo.js HTTP/1.1" 304 0
INFO 2024-08-16 12:49:47,608 "GET /student/create/ HTTP/1.1" 200 13695
INFO 2024-08-16 12:50:28,331 "POST /student/create/ HTTP/1.1" 200 13859
INFO 2024-08-16 12:50:28,342 "GET /static/plugins/fontawesome-free/css/all.min.css HTTP/1.1" 304 0
INFO 2024-08-16 12:50:28,347 "GET /static/plugins/overlayScrollbars/css/OverlayScrollbars.min.css HTTP/1.1" 304 0
INFO 2024-08-16 12:50:28,347 "GET /static/plugins/toastr/toastr.min.css HTTP/1.1" 304 0
INFO 2024-08-16 12:50:28,347 "GET /static/dist/js/jquery.formset.js HTTP/1.1" 304 0
INFO 2024-08-16 12:50:28,348 "GET /static/plugins/Datatables/datatables.min.css HTTP/1.1" 304 0
INFO 2024-08-16 12:50:28,348 "GET /static/dist/css/adminlte.min.css HTTP/1.1" 304 0
INFO 2024-08-16 12:50:28,348 "GET /static/plugins/jquery/jquery.min.js HTTP/1.1" 304 0
INFO 2024-08-16 12:50:28,350 "GET /static/plugins/bootstrap/js/bootstrap.bundle.min.js HTTP/1.1" 304 0
INFO 2024-08-16 12:50:28,352 "GET /static/plugins/toastr/toastr.min.js HTTP/1.1" 304 0
INFO 2024-08-16 12:50:28,353 "GET /static/dist/js/adminlte.js HTTP/1.1" 304 0
INFO 2024-08-16 12:50:28,354 "GET /static/plugins/overlayScrollbars/js/jquery.overlayScrollbars.min.js HTTP/1.1" 304 0
INFO 2024-08-16 12:50:28,354 "GET /static/dist/js/demo.js HTTP/1.1" 304 0
INFO 2024-08-16 12:50:28,354 "GET /static/plugins/Datatables/datatables.min.js HTTP/1.1" 304 0
INFO 2024-08-16 12:50:39,587 "POST /student/create/ HTTP/1.1" 302 0
INFO 2024-08-16 12:50:39,608 "GET /student/4/ HTTP/1.1" 200 11271
INFO 2024-08-16 12:50:39,629 "GET /static/dist/img/avatar.png HTTP/1.1" 200 8543
INFO 2024-08-16 12:50:56,282 "GET /student/4/update/ HTTP/1.1" 200 13744
INFO 2024-08-16 12:50:59,999 "GET /staff/list/ HTTP/1.1" 200 9695
INFO 2024-08-16 12:51:02,842 "GET /finance/list/ HTTP/1.1" 200 10355
INFO 2024-08-16 12:51:08,322 "GET /finance/bulk-invoice/ HTTP/1.1" 200 9299
INFO 2024-08-16 12:51:12,767 "GET /finance/create/ HTTP/1.1" 200 13738
INFO 2024-08-16 12:51:50,078 "POST /finance/create/ HTTP/1.1" 302 0
INFO 2024-08-16 12:51:50,086 "GET /finance/list HTTP/1.1" 301 0
INFO 2024-08-16 12:51:50,113 "GET /finance/list/ HTTP/1.1" 200 10779
INFO 2024-08-16 12:51:50,129 "GET /static/plugins/fontawesome-free/css/all.min.css HTTP/1.1" 304 0
INFO 2024-08-16 12:51:50,135 "GET /static/plugins/toastr/toastr.min.css HTTP/1.1" 304 0
INFO 2024-08-16 12:51:50,135 "GET /static/dist/js/jquery.formset.js HTTP/1.1" 304 0
INFO 2024-08-16 12:51:50,136 "GET /static/dist/css/adminlte.min.css HTTP/1.1" 304 0
INFO 2024-08-16 12:51:50,136 "GET /static/plugins/overlayScrollbars/css/OverlayScrollbars.min.css HTTP/1.1" 304 0
INFO 2024-08-16 12:51:50,136 "GET /static/plugins/jquery/jquery.min.js HTTP/1.1" 304 0
INFO 2024-08-16 12:51:50,136 "GET /static/plugins/Datatables/datatables.min.css HTTP/1.1" 304 0
INFO 2024-08-16 12:51:50,143 "GET /static/plugins/toastr/toastr.min.js HTTP/1.1" 304 0
INFO 2024-08-16 12:51:50,143 "GET /static/dist/js/adminlte.js HTTP/1.1" 304 0
INFO 2024-08-16 12:51:50,143 "GET /static/plugins/overlayScrollbars/js/jquery.overlayScrollbars.min.js HTTP/1.1" 304 0
INFO 2024-08-16 12:51:50,143 "GET /static/dist/js/demo.js HTTP/1.1" 304 0
INFO 2024-08-16 12:51:50,143 "GET /static/plugins/Datatables/datatables.min.js HTTP/1.1" 304 0
INFO 2024-08-16 12:51:50,144 "GET /static/plugins/bootstrap/js/bootstrap.bundle.min.js HTTP/1.1" 304 0
INFO 2024-08-16 12:51:57,187 "GET /finance/1/detail/ HTTP/1.1" 200 11415
INFO 2024-08-16 12:52:03,290 "GET /finance/2/detail/ HTTP/1.1" 200 10962
INFO 2024-08-16 12:52:08,663 "GET /finance/1/detail/ HTTP/1.1" 200 11415
INFO 2024-08-16 12:52:19,842 "GET /finance/2/detail/ HTTP/1.1" 200 10962
INFO 2024-08-16 12:52:29,637 "GET /finance/create/ HTTP/1.1" 200 13738
INFO 2024-08-16 12:52:32,881 "GET /finance/2/detail/ HTTP/1.1" 200 10962
INFO 2024-08-16 12:52:34,529 "GET /finance/2/update/ HTTP/1.1" 200 14586
INFO 2024-08-16 12:52:43,466 "POST /finance/2/update/ HTTP/1.1" 302 0
INFO 2024-08-16 12:52:43,491 "GET /finance/2/detail/ HTTP/1.1" 200 10962
INFO 2024-08-16 12:52:48,879 "GET /finance/2/update/ HTTP/1.1" 200 14586
INFO 2024-08-16 12:52:48,893 "GET /static/plugins/fontawesome-free/css/all.min.css HTTP/1.1" 304 0
INFO 2024-08-16 12:52:48,901 "GET /static/plugins/toastr/toastr.min.css HTTP/1.1" 304 0
INFO 2024-08-16 12:52:48,901 "GET /static/plugins/jquery/jquery.min.js HTTP/1.1" 304 0
INFO 2024-08-16 12:52:48,901 "GET /static/plugins/Datatables/datatables.min.css HTTP/1.1" 304 0
INFO 2024-08-16 12:52:48,901 "GET /static/dist/css/adminlte.min.css HTTP/1.1" 304 0
INFO 2024-08-16 12:52:48,902 "GET /static/dist/js/jquery.formset.js HTTP/1.1" 304 0
INFO 2024-08-16 12:52:48,902 "GET /static/plugins/overlayScrollbars/css/OverlayScrollbars.min.css HTTP/1.1" 304 0
INFO 2024-08-16 12:52:48,905 "GET /static/plugins/bootstrap/js/bootstrap.bundle.min.js HTTP/1.1" 304 0
INFO 2024-08-16 12:52:48,907 "GET /static/plugins/overlayScrollbars/js/jquery.overlayScrollbars.min.js HTTP/1.1" 304 0
INFO 2024-08-16 12:52:48,907 "GET /static/plugins/toastr/toastr.min.js HTTP/1.1" 304 0
INFO 2024-08-16 12:52:48,908 "GET /static/dist/js/adminlte.js HTTP/1.1" 304 0
INFO 2024-08-16 12:52:48,909 "GET /static/dist/js/demo.js HTTP/1.1" 304 0
INFO 2024-08-16 12:52:48,910 "GET /static/plugins/Datatables/datatables.min.js HTTP/1.1" 304 0
INFO 2024-08-16 12:53:10,444 "POST /finance/2/update/ HTTP/1.1" 302 0
INFO 2024-08-16 12:53:10,471 "GET /finance/2/detail/ HTTP/1.1" 200 11075
INFO 2024-08-16 12:53:30,117 "GET /finance/2/update/ HTTP/1.1" 200 15083
INFO 2024-08-16 12:53:35,574 "GET /current-session/ HTTP/1.1" 200 10606
INFO 2024-08-16 12:53:38,267 "GET /current-session/ HTTP/1.1" 200 10606
INFO 2024-08-16 12:53:41,326 "GET /student/list HTTP/1.1" 200 9954
INFO 2024-08-16 12:53:42,698 "GET /finance/list/ HTTP/1.1" 200 10779
INFO 2024-08-16 12:53:44,478 "GET /finance/1/detail/ HTTP/1.1" 200 11415
INFO 2024-08-16 12:53:58,356 - Broken pipe from ('127.0.0.1', 56196)

INFO 2024-08-16 12:53:58,369 "GET /finance/receipt/create?invoice=2 HTTP/1.1" 200 10855
INFO 2024-08-16 12:53:58,383 "GET /static/plugins/fontawesome-free/css/all.min.css HTTP/1.1" 304 0
INFO 2024-08-16 12:53:58,392 "GET /static/plugins/toastr/toastr.min.css HTTP/1.1" 304 0
INFO 2024-08-16 12:53:58,392 "GET /static/plugins/overlayScrollbars/css/OverlayScrollbars.min.css HTTP/1.1" 304 0
INFO 2024-08-16 12:53:58,392 "GET /static/plugins/Datatables/datatables.min.css HTTP/1.1" 304 0
INFO 2024-08-16 12:53:58,392 "GET /static/dist/css/adminlte.min.css HTTP/1.1" 304 0
INFO 2024-08-16 12:53:58,392 "GET /static/plugins/jquery/jquery.min.js HTTP/1.1" 304 0
INFO 2024-08-16 12:53:58,396 "GET /static/dist/js/jquery.formset.js HTTP/1.1" 304 0
INFO 2024-08-16 12:53:58,396 "GET /static/plugins/bootstrap/js/bootstrap.bundle.min.js HTTP/1.1" 304 0
INFO 2024-08-16 12:53:58,396 "GET /static/plugins/toastr/toastr.min.js HTTP/1.1" 304 0
INFO 2024-08-16 12:53:58,397 "GET /static/dist/js/adminlte.js HTTP/1.1" 304 0
INFO 2024-08-16 12:53:58,399 "GET /static/plugins/overlayScrollbars/js/jquery.overlayScrollbars.min.js HTTP/1.1" 304 0
INFO 2024-08-16 12:53:58,400 "GET /static/dist/js/demo.js HTTP/1.1" 304 0
INFO 2024-08-16 12:53:58,401 "GET /static/plugins/Datatables/datatables.min.js HTTP/1.1" 304 0
INFO 2024-08-16 12:54:05,776 "POST /finance/receipt/create?invoice=2 HTTP/1.1" 302 0
INFO 2024-08-16 12:54:05,805 "GET /finance/list/ HTTP/1.1" 200 10783
INFO 2024-08-16 12:54:09,131 "GET /result/create/ HTTP/1.1" 200 11099
INFO 2024-08-16 12:54:14,950 "POST /result/create/ HTTP/1.1" 200 11146
INFO 2024-08-16 12:54:22,328 "POST /result/create/ HTTP/1.1" 302 0
INFO 2024-08-16 12:54:22,373 "GET /result/edit-results/ HTTP/1.1" 200 12069
INFO 2024-08-16 12:54:31,738 "POST /result/edit-results/ HTTP/1.1" 302 0
INFO 2024-08-16 12:54:31,778 "GET /result/edit-results/ HTTP/1.1" 200 11561
INFO 2024-08-16 12:54:34,688 "GET /result/view/all HTTP/1.1" 200 10068
INFO 2024-08-16 12:54:41,472 "GET /session/list/ HTTP/1.1" 200 12292
INFO 2024-08-16 12:54:55,545 "POST /session/create/ HTTP/1.1" 302 0
INFO 2024-08-16 12:54:55,568 "GET /session/list/ HTTP/1.1" 200 12770
INFO 2024-08-16 12:55:00,474 "GET /session/4/update/ HTTP/1.1" 200 10175
INFO 2024-08-16 12:55:05,265 "POST /session/4/update/ HTTP/1.1" 302 0
INFO 2024-08-16 12:55:05,286 "GET /session/list/ HTTP/1.1" 200 12775
INFO 2024-08-16 12:56:27,132 "GET /accounts/logout/ HTTP/1.1" 302 0
INFO 2024-08-16 12:56:27,139 "GET / HTTP/1.1" 302 0
INFO 2024-08-16 12:56:27,147 "GET /accounts/login/?next=/ HTTP/1.1" 200 3989
INFO 2024-08-16 12:56:27,163 "GET /static/plugins/fontawesome-free/css/all.min.css HTTP/1.1" 304 0
INFO 2024-08-16 12:56:27,167 "GET /static/plugins/toastr/toastr.min.css HTTP/1.1" 304 0
INFO 2024-08-16 12:56:27,167 "GET /static/dist/css/adminlte.min.css HTTP/1.1" 304 0
INFO 2024-08-16 12:56:27,167 "GET /static/plugins/overlayScrollbars/css/OverlayScrollbars.min.css HTTP/1.1" 304 0
INFO 2024-08-16 12:56:27,167 "GET /static/dist/css/login-page.css HTTP/1.1" 304 0
INFO 2024-08-16 12:56:27,167 "GET /static/dist/img/login.png HTTP/1.1" 304 0
INFO 2024-08-16 12:56:27,173 "GET /static/plugins/jquery/jquery.min.js HTTP/1.1" 304 0
INFO 2024-08-16 12:56:27,175 "GET /static/plugins/bootstrap/js/bootstrap.bundle.min.js HTTP/1.1" 304 0
INFO 2024-08-16 12:56:27,175 "GET /static/plugins/overlayScrollbars/js/jquery.overlayScrollbars.min.js HTTP/1.1" 304 0
INFO 2024-08-16 12:56:27,176 "GET /static/plugins/toastr/toastr.min.js HTTP/1.1" 304 0
INFO 2024-08-16 12:56:27,176 "GET /static/dist/js/jquery.formset.js HTTP/1.1" 304 0
INFO 2024-08-16 12:56:27,178 "GET /static/dist/js/adminlte.js HTTP/1.1" 304 0
INFO 2024-08-16 12:56:27,180 "GET /static/dist/js/demo.js HTTP/1.1" 304 0
